mode: set
project/e-comerce/features/carts/business/usecase.go:11.57,15.2 1 0
project/e-comerce/features/carts/business/usecase.go:17.82,20.2 2 0
project/e-comerce/features/carts/business/usecase.go:24.73,26.16 2 0
project/e-comerce/features/carts/business/usecase.go:29.2,31.17 2 0
project/e-comerce/features/carts/business/usecase.go:38.2,38.20 1 0
project/e-comerce/features/carts/business/usecase.go:26.16,28.3 1 0
project/e-comerce/features/carts/business/usecase.go:31.17,34.3 1 0
project/e-comerce/features/carts/business/usecase.go:34.8,37.3 2 0
project/e-comerce/features/carts/business/usecase.go:41.88,47.2 4 0
project/e-comerce/features/carts/business/usecase.go:49.80,52.2 2 0
project/e-comerce/features/users/business/usecase.go:14.57,18.2 1 1
project/e-comerce/features/users/business/usecase.go:20.89,23.2 2 1
project/e-comerce/features/users/business/usecase.go:25.77,28.2 2 1
project/e-comerce/features/users/business/usecase.go:30.80,32.85 1 1
project/e-comerce/features/users/business/usecase.go:36.2,38.21 3 1
project/e-comerce/features/users/business/usecase.go:41.2,43.16 3 1
project/e-comerce/features/users/business/usecase.go:46.2,46.20 1 1
project/e-comerce/features/users/business/usecase.go:32.85,34.3 1 1
project/e-comerce/features/users/business/usecase.go:38.21,40.3 1 0
project/e-comerce/features/users/business/usecase.go:43.16,45.3 1 1
project/e-comerce/features/users/business/usecase.go:49.64,51.16 2 1
project/e-comerce/features/users/business/usecase.go:54.2,54.20 1 1
project/e-comerce/features/users/business/usecase.go:51.16,53.3 1 1
project/e-comerce/features/users/business/usecase.go:57.84,59.24 2 1
project/e-comerce/features/users/business/usecase.go:62.2,62.25 1 1
project/e-comerce/features/users/business/usecase.go:65.2,65.28 1 1
project/e-comerce/features/users/business/usecase.go:73.2,74.16 2 1
project/e-comerce/features/users/business/usecase.go:77.2,77.20 1 1
project/e-comerce/features/users/business/usecase.go:59.24,61.3 1 1
project/e-comerce/features/users/business/usecase.go:62.25,64.3 1 1
project/e-comerce/features/users/business/usecase.go:65.28,67.17 2 1
project/e-comerce/features/users/business/usecase.go:70.3,70.32 1 1
project/e-comerce/features/users/business/usecase.go:67.17,69.4 1 0
project/e-comerce/features/users/business/usecase.go:74.16,76.3 1 1
